<?xml version="1.0" encoding="UTF-8"?>
<!-- Generated by org.testng.reporters.JUnitXMLReporter -->
<testsuite hostname="Leeladhar" name="groupsTest" tests="3" failures="0" timestamp="13 Oct 2019 02:56:51 GMT" time="0.043" errors="0">
  <testcase name="advancedsearch" time="0.004" classname="TestNGframework.NewTest3"/>
  <testcase name="billpayment" time="0.001" classname="TestNGframework.NewTest3"/>
  <testcase name="prepaidrecharge" time="0.003" classname="TestNGframework.NewTest3"/>
</testsuite> <!-- groupsTest -->
