<?xml version="1.0" encoding="UTF-8"?>
<!-- Generated by org.testng.reporters.JUnitXMLReporter -->
<testsuite hostname="Leeladhar" name="Test" tests="6" failures="0" timestamp="13 Oct 2019 02:57:19 GMT" time="0.084" errors="0">
  <testcase name="Testcase1" time="0.011" classname="TestNGframework.NewTest5"/>
  <testcase name="Testcase4" time="0.011" classname="TestNGframework.NewTest6"/>
  <testcase name="Testcase5" time="0.006" classname="TestNGframework.NewTest6"/>
  <testcase name="Testcase6" time="0.002" classname="TestNGframework.NewTest6"/>
  <testcase name="Testcase2" time="0.002" classname="TestNGframework.NewTest5"/>
  <testcase name="Testcase3" time="0.005" classname="TestNGframework.NewTest5"/>
</testsuite> <!-- Test -->
