<?xml version="1.0" encoding="UTF-8"?>
<!-- Generated by org.testng.reporters.JUnitXMLReporter -->
<testsuite hostname="Leeladhar" name="Test" tests="6" failures="0" timestamp="9 Mar 2020 08:55:13 GMT" time="0.213" errors="0">
  <testcase name="Testcase1" time="0.073" classname="TestNGframework.NewTest5"/>
  <testcase name="Testcase4" time="0.073" classname="TestNGframework.NewTest6"/>
  <testcase name="Testcase2" time="0.001" classname="TestNGframework.NewTest5"/>
  <testcase name="Testcase3" time="0.001" classname="TestNGframework.NewTest5"/>
  <testcase name="Testcase5" time="0.003" classname="TestNGframework.NewTest6"/>
  <testcase name="Testcase6" time="0.002" classname="TestNGframework.NewTest6"/>
</testsuite> <!-- Test -->
