<?xml version="1.0" encoding="UTF-8"?>
<testng-results skipped="0" failed="0" total="6" passed="6">
  <reporter-output>
  </reporter-output>
  <suite name="Suite" duration-ms="213" started-at="2020-03-09T08:55:12Z" finished-at="2020-03-09T08:55:13Z">
    <groups>
    </groups>
    <test name="Test" duration-ms="213" started-at="2020-03-09T08:55:12Z" finished-at="2020-03-09T08:55:13Z">
      <class name="TestNGframework.NewTest6">
        <test-method status="PASS" signature="Testcase4()[pri:0, instance:TestNGframework.NewTest6@3ac42916]" name="Testcase4" duration-ms="73" started-at="2020-03-09T14:25:12Z" finished-at="2020-03-09T14:25:13Z">
          <reporter-output>
          </reporter-output>
        </test-method> <!-- Testcase4 -->
        <test-method status="PASS" signature="Testcase5()[pri:0, instance:TestNGframework.NewTest6@3ac42916]" name="Testcase5" duration-ms="3" started-at="2020-03-09T14:25:13Z" finished-at="2020-03-09T14:25:13Z">
          <reporter-output>
          </reporter-output>
        </test-method> <!-- Testcase5 -->
        <test-method status="PASS" signature="Testcase6()[pri:0, instance:TestNGframework.NewTest6@3ac42916]" name="Testcase6" duration-ms="2" started-at="2020-03-09T14:25:13Z" finished-at="2020-03-09T14:25:13Z">
          <reporter-output>
          </reporter-output>
        </test-method> <!-- Testcase6 -->
      </class> <!-- TestNGframework.NewTest6 -->
      <class name="TestNGframework.NewTest5">
        <test-method status="PASS" signature="Testcase1()[pri:0, instance:TestNGframework.NewTest5@17ed40e0]" name="Testcase1" duration-ms="73" started-at="2020-03-09T14:25:12Z" finished-at="2020-03-09T14:25:13Z">
          <reporter-output>
          </reporter-output>
        </test-method> <!-- Testcase1 -->
        <test-method status="PASS" signature="Testcase2()[pri:0, instance:TestNGframework.NewTest5@17ed40e0]" name="Testcase2" duration-ms="1" started-at="2020-03-09T14:25:13Z" finished-at="2020-03-09T14:25:13Z">
          <reporter-output>
          </reporter-output>
        </test-method> <!-- Testcase2 -->
        <test-method status="PASS" signature="Testcase3()[pri:0, instance:TestNGframework.NewTest5@17ed40e0]" name="Testcase3" duration-ms="1" started-at="2020-03-09T14:25:13Z" finished-at="2020-03-09T14:25:13Z">
          <reporter-output>
          </reporter-output>
        </test-method> <!-- Testcase3 -->
      </class> <!-- TestNGframework.NewTest5 -->
    </test> <!-- Test -->
  </suite> <!-- Suite -->
</testng-results>
