<?xml version="1.0" encoding="UTF-8"?>
<!-- Generated by org.testng.reporters.JUnitXMLReporter -->
<testsuite hostname="Leeladhar" name="Sanitytests" tests="6" failures="0" timestamp="13 Oct 2019 02:57:04 GMT" time="0.07" errors="0">
  <testcase name="Addcurrency" time="0.005" classname="TestNGframework.NewTest1"/>
  <testcase name="Addproduct" time="0.002" classname="TestNGframework.NewTest1"/>
  <testcase name="Addvendor" time="0.005" classname="TestNGframework.NewTest1"/>
  <testcase name="Addvendor" time="0.002" classname="TestNGframework.NewTest2"/>
  <testcase name="Addproduct" time="0.001" classname="TestNGframework.NewTest2"/>
  <testcase name="Addcurrency" time="0.003" classname="TestNGframework.NewTest2"/>
</testsuite> <!-- Sanitytests -->
