<?xml version="1.0" encoding="UTF-8"?>
<!-- Generated by org.testng.reporters.JUnitXMLReporter -->
<testsuite hostname="Leeladhar" name="Sanitytests" tests="6" failures="0" timestamp="26 Apr 2019 08:25:37 GMT" time="0.047" errors="0">
  <testcase name="Addcurrency" time="0.0" classname="TestNGframework.NewTest1"/>
  <testcase name="Addproduct" time="0.0" classname="TestNGframework.NewTest1"/>
  <testcase name="Addvendor" time="0.0" classname="TestNGframework.NewTest1"/>
  <testcase name="Addvendor" time="0.0" classname="TestNGframework.NewTest2"/>
  <testcase name="Addproduct" time="0.0" classname="TestNGframework.NewTest2"/>
  <testcase name="Addcurrency" time="0.0" classname="TestNGframework.NewTest2"/>
</testsuite> <!-- Sanitytests -->
