<?xml version="1.0" encoding="UTF-8"?>
<!-- Generated by org.testng.reporters.JUnitXMLReporter -->
<testsuite hostname="Leeladhar" name="Default test" tests="5" failures="0" timestamp="13 Oct 2019 02:53:05 GMT" time="0.059" errors="0">
  <testcase name="advancedsearch" time="0.006" classname="TestNGframework.NewTest3"/>
  <testcase name="billpayment" time="0.001" classname="TestNGframework.NewTest3"/>
  <testcase name="prepaidrecharge" time="0.001" classname="TestNGframework.NewTest3"/>
  <testcase name="fundtransfer" time="0.001" classname="TestNGframework.NewTest3"/>
  <testcase name="search" time="0.008" classname="TestNGframework.NewTest3"/>
</testsuite> <!-- Default test -->
