<?xml version="1.0" encoding="UTF-8"?>
<!-- Generated by org.testng.reporters.JUnitXMLReporter -->
<testsuite hostname="Leeladhar" name="Default test" tests="7" failures="0" timestamp="22 Apr 2019 05:42:37 GMT" time="0.063" errors="0">
  <testcase name="advancedsearch" time="0.0" classname="TestNGframework.NewTest3"/>
  <testcase name="billpayment" time="0.0" classname="TestNGframework.NewTest3"/>
  <testcase name="fundtransfer" time="0.0" classname="TestNGframework.NewTest3"/>
  <testcase name="login" time="0.0" classname="TestNGframework.NewTest3"/>
  <testcase name="logout" time="0.0" classname="TestNGframework.NewTest3"/>
  <testcase name="prepaidrecharge" time="0.0" classname="TestNGframework.NewTest3"/>
  <testcase name="search" time="0.0" classname="TestNGframework.NewTest3"/>
</testsuite> <!-- Default test -->
